2024-11-27 00:23:05 INFO  Utils:112 - [TestNG] Running:
  C:\Users\DELL\OneDrive\Desktop\QaFox\grouping.xml

2024-11-27 00:27:33 INFO  Utils:112 - [TestNG] Running:
  C:\Users\DELL\OneDrive\Desktop\QaFox\grouping.xml

2024-11-27 00:28:54 INFO  Utils:112 - [TestNG] Running:
  C:\Users\DELL\OneDrive\Desktop\QaFox\testng.xml

2024-11-27 00:29:43 INFO  Utils:112 - [TestNG] Running:
  C:\Users\DELL\OneDrive\Desktop\QaFox\testng.xml

2024-11-27 00:29:46 INFO  TC001_RegistrationTest:19 - Registration started
2024-11-27 00:29:47 INFO  TC001_RegistrationTest:26 - Registration started
2024-11-27 00:29:48 INFO  TC001_RegistrationTest:39 - Registartion done
2024-11-27 00:29:48 INFO  TC001_RegistrationTest:45 - Test successful
2024-11-27 00:32:36 INFO  Utils:112 - [TestNG] Running:
  C:\Users\DELL\OneDrive\Desktop\QaFox\grouping.xml

2024-11-27 00:32:41 INFO  TC001_RegistrationTest:19 - Registration started
2024-11-27 00:32:42 INFO  TC001_RegistrationTest:26 - Registration started
2024-11-27 00:32:43 INFO  TC001_RegistrationTest:39 - Registartion done
2024-11-27 00:32:43 INFO  TC001_RegistrationTest:45 - Test successful
2024-11-27 00:51:18 INFO  Utils:112 - [TestNG] Running:
  C:\Users\DELL\OneDrive\Desktop\QaFox\testng.xml

2024-11-27 00:51:21 INFO  TC001_RegistrationTest:19 - Registration started
2024-11-27 00:51:22 INFO  TC001_RegistrationTest:26 - Registration started
2024-11-27 00:51:23 INFO  TC001_RegistrationTest:39 - Registartion done
2024-11-27 00:51:23 INFO  TC001_RegistrationTest:45 - Test successful
2024-11-27 00:53:06 INFO  Utils:112 - [TestNG] Running:
  C:\Users\DELL\OneDrive\Desktop\QaFox\testng.xml

2024-11-27 00:53:12 INFO  TC003_LoginDataDrivenTest:18 - Test started
2024-11-27 00:53:12 INFO  TC003_LoginDataDrivenTest:23 - Clicked on My Account
2024-11-27 00:53:12 INFO  TC003_LoginDataDrivenTest:26 - Clicked on Login
2024-11-27 00:53:12 INFO  TC003_LoginDataDrivenTest:32 - Started entering login details
2024-11-27 00:53:23 INFO  TC003_LoginDataDrivenTest:40 - Page Exists
2024-11-27 00:55:08 INFO  Utils:112 - [TestNG] Running:
  C:\Users\DELL\OneDrive\Desktop\QaFox\testng.xml

2024-11-27 00:55:11 INFO  TC001_RegistrationTest:19 - Registration started
2024-11-27 00:55:11 INFO  TC001_RegistrationTest:26 - Registration started
2024-11-27 00:55:12 INFO  TC001_RegistrationTest:39 - Registartion done
2024-11-27 00:55:13 INFO  TC001_RegistrationTest:45 - Test successful
2024-11-27 00:57:09 INFO  Utils:112 - [TestNG] Running:
  C:\Users\DELL\OneDrive\Desktop\QaFox\testng.xml

2024-11-27 00:57:13 INFO  TC003_LoginDataDrivenTest:18 - Test started
2024-11-27 00:57:13 INFO  TC003_LoginDataDrivenTest:23 - Clicked on My Account
2024-11-27 00:57:13 INFO  TC003_LoginDataDrivenTest:26 - Clicked on Login
2024-11-27 00:57:14 INFO  TC003_LoginDataDrivenTest:32 - Started entering login details
2024-11-27 00:57:25 INFO  TC003_LoginDataDrivenTest:40 - Page Exists
2024-11-27 01:00:36 INFO  Utils:112 - [TestNG] Running:
  C:\Users\DELL\OneDrive\Desktop\QaFox\testng.xml

2024-11-27 01:00:40 INFO  TC003_LoginDataDrivenTest:18 - Test started
2024-11-27 01:00:40 INFO  TC003_LoginDataDrivenTest:23 - Clicked on My Account
2024-11-27 01:00:40 INFO  TC003_LoginDataDrivenTest:26 - Clicked on Login
2024-11-27 01:00:40 INFO  TC003_LoginDataDrivenTest:32 - Started entering login details
2024-11-27 01:00:51 INFO  TC003_LoginDataDrivenTest:40 - Page Exists
2024-11-27 01:06:19 INFO  Utils:112 - [TestNG] Running:
  C:\Users\DELL\OneDrive\Desktop\QaFox\testng.xml

2024-11-27 01:06:24 INFO  TC003_LoginDataDrivenTest:18 - Test started
2024-11-27 01:06:24 INFO  TC003_LoginDataDrivenTest:23 - Clicked on My Account
2024-11-27 01:06:24 INFO  TC003_LoginDataDrivenTest:26 - Clicked on Login
2024-11-27 01:06:24 INFO  TC003_LoginDataDrivenTest:32 - Started entering login details
2024-11-27 01:06:35 INFO  TC003_LoginDataDrivenTest:40 - Page Exists
2024-11-27 01:06:35 INFO  TC003_LoginDataDrivenTest:18 - Test started
2024-11-27 01:06:35 INFO  TC003_LoginDataDrivenTest:23 - Clicked on My Account
2024-11-27 01:06:35 INFO  TC003_LoginDataDrivenTest:26 - Clicked on Login
2024-11-27 01:06:36 INFO  TC003_LoginDataDrivenTest:32 - Started entering login details
2024-11-27 01:06:37 INFO  TC003_LoginDataDrivenTest:40 - Page Exists
2024-11-27 01:06:37 INFO  TC003_LoginDataDrivenTest:18 - Test started
2024-11-27 01:06:37 INFO  TC003_LoginDataDrivenTest:23 - Clicked on My Account
2024-11-27 01:06:37 INFO  TC003_LoginDataDrivenTest:26 - Clicked on Login
2024-11-27 01:06:38 INFO  TC003_LoginDataDrivenTest:32 - Started entering login details
2024-11-27 01:06:39 INFO  TC003_LoginDataDrivenTest:40 - Page Exists
2024-11-27 01:06:39 INFO  TC003_LoginDataDrivenTest:18 - Test started
2024-11-27 01:06:39 INFO  TC003_LoginDataDrivenTest:23 - Clicked on My Account
2024-11-27 01:06:40 INFO  TC003_LoginDataDrivenTest:26 - Clicked on Login
2024-11-27 01:06:40 INFO  TC003_LoginDataDrivenTest:32 - Started entering login details
2024-11-27 01:06:51 INFO  TC003_LoginDataDrivenTest:40 - Page Exists
2024-11-27 01:06:51 INFO  TC003_LoginDataDrivenTest:18 - Test started
2024-11-27 01:06:51 INFO  TC003_LoginDataDrivenTest:23 - Clicked on My Account
2024-11-27 01:06:51 INFO  TC003_LoginDataDrivenTest:26 - Clicked on Login
2024-11-27 01:06:51 INFO  TC003_LoginDataDrivenTest:32 - Started entering login details
2024-11-27 01:06:52 INFO  TC003_LoginDataDrivenTest:40 - Page Exists
2024-11-27 01:50:51 INFO  Utils:112 - [TestNG] Running:
  C:\Users\DELL\OneDrive\Desktop\QaFox\testng.xml

2024-11-27 01:51:00 INFO  TC003_LoginDataDrivenTest:18 - Test started
2024-11-27 01:51:00 INFO  TC003_LoginDataDrivenTest:23 - Clicked on My Account
2024-11-27 01:51:00 INFO  TC003_LoginDataDrivenTest:26 - Clicked on Login
2024-11-27 01:51:00 INFO  TC003_LoginDataDrivenTest:32 - Started entering login details
2024-11-27 01:51:11 INFO  TC003_LoginDataDrivenTest:40 - Page Exists
2024-11-27 01:51:12 INFO  TC003_LoginDataDrivenTest:18 - Test started
2024-11-27 01:51:12 INFO  TC003_LoginDataDrivenTest:23 - Clicked on My Account
2024-11-27 01:51:12 INFO  TC003_LoginDataDrivenTest:26 - Clicked on Login
2024-11-27 01:51:12 INFO  TC003_LoginDataDrivenTest:32 - Started entering login details
2024-11-27 01:51:13 INFO  TC003_LoginDataDrivenTest:40 - Page Exists
2024-11-27 01:51:14 INFO  TC003_LoginDataDrivenTest:18 - Test started
2024-11-27 01:51:14 INFO  TC003_LoginDataDrivenTest:23 - Clicked on My Account
2024-11-27 01:51:14 INFO  TC003_LoginDataDrivenTest:26 - Clicked on Login
2024-11-27 01:51:14 INFO  TC003_LoginDataDrivenTest:32 - Started entering login details
2024-11-27 01:51:15 INFO  TC003_LoginDataDrivenTest:40 - Page Exists
2024-11-27 01:51:16 INFO  TC003_LoginDataDrivenTest:18 - Test started
2024-11-27 01:51:16 INFO  TC003_LoginDataDrivenTest:23 - Clicked on My Account
2024-11-27 01:51:16 INFO  TC003_LoginDataDrivenTest:26 - Clicked on Login
2024-11-27 01:51:17 INFO  TC003_LoginDataDrivenTest:32 - Started entering login details
2024-11-27 01:51:27 INFO  TC003_LoginDataDrivenTest:40 - Page Exists
2024-11-27 01:51:27 INFO  TC003_LoginDataDrivenTest:18 - Test started
2024-11-27 01:51:27 INFO  TC003_LoginDataDrivenTest:23 - Clicked on My Account
2024-11-27 01:51:28 INFO  TC003_LoginDataDrivenTest:26 - Clicked on Login
2024-11-27 01:51:28 INFO  TC003_LoginDataDrivenTest:32 - Started entering login details
2024-11-27 01:51:29 INFO  TC003_LoginDataDrivenTest:40 - Page Exists
2024-11-27 01:53:01 INFO  Utils:112 - [Utils] MethodGroupsHelper.collectMethodsByGroup() took 0 ms.
2024-11-27 01:53:01 INFO  Utils:112 - [Utils] MethodGroupsHelper.sortMethods() took 0 ms.
2024-11-27 01:53:01 INFO  Utils:112 - [Utils] MethodGroupsHelper.collectMethodsByGroup() took 0 ms.
2024-11-27 01:53:01 INFO  Utils:112 - [Utils] MethodGroupsHelper.sortMethods() took 0 ms.
2024-11-27 01:53:01 INFO  Utils:112 - [Utils] MethodGroupsHelper.collectMethodsByGroup() took 0 ms.
2024-11-27 01:53:01 INFO  Utils:112 - [Utils] MethodGroupsHelper.sortMethods() took 0 ms.
2024-11-27 01:53:01 INFO  Utils:112 - [Utils] MethodGroupsHelper.collectMethodsByGroup() took 0 ms.
2024-11-27 01:53:01 INFO  Utils:112 - [Utils] MethodGroupsHelper.sortMethods() took 0 ms.
2024-11-27 01:53:01 INFO  Utils:112 - [Utils] MethodGroupsHelper.collectMethodsByGroup() took 0 ms.
2024-11-27 01:53:01 INFO  Utils:112 - [Utils] MethodGroupsHelper.sortMethods() took 0 ms.
2024-11-27 01:53:01 INFO  Utils:112 - [TestNG] Running:
  C:\Users\DELL\AppData\Local\Temp\testng-eclipse-1028763744\testng-customsuite.xml

2024-11-27 01:53:01 INFO  Utils:112 - [Utils] DynamicGraphHelper.createDynamicGraph() took 4 ms.
2024-11-27 01:53:01 INFO  Utils:112 - [TestNG] Time taken by org.testng.reporters.SuiteHTMLReporter@53dacd14: 47 ms
2024-11-27 01:53:01 INFO  Utils:112 - [TestNG] Time taken by org.testng.reporters.jq.Main@5e81e5ac: 94 ms
2024-11-27 01:53:01 INFO  Utils:112 - [TestNG] Time taken by org.testng.reporters.FailedReporter@4189d70b: 1 ms
2024-11-27 01:53:01 INFO  Utils:112 - [TestNG] Time taken by org.testng.reporters.XMLReporter@6aecbb8d: 12 ms
2024-11-27 01:53:01 INFO  Utils:112 - [TestNG] Time taken by org.testng.reporters.EmailableReporter2@60a2630a: 6 ms
2024-11-27 01:53:01 INFO  Utils:112 - [TestNG] Time taken by org.testng.reporters.JUnitReportReporter@29df4d43: 0 ms
2024-11-27 01:53:01 INFO  Utils:112 - [TestNG] Time taken by org.testng.internal.ExitCodeListener@5dd91bca: 0 ms
2024-11-27 02:20:59 INFO  Utils:112 - [TestNG] Running:
  C:\Users\DELL\OneDrive\Desktop\QaFox\testng.xml

2024-11-27 02:21:06 INFO  TC001_RegistrationTest:19 - Registration started
2024-11-27 02:21:07 INFO  TC001_RegistrationTest:26 - Registration started
2024-11-27 02:21:09 INFO  TC001_RegistrationTest:39 - Registartion done
2024-11-27 02:21:09 INFO  TC001_RegistrationTest:45 - Test successful
2024-11-27 18:56:05 INFO  TC001_RegistrationTest:19 - Registration started
2024-11-27 18:56:06 INFO  TC001_RegistrationTest:26 - Registration started
2024-11-27 18:56:08 INFO  TC001_RegistrationTest:39 - Registartion done
2024-11-27 18:56:08 INFO  TC001_RegistrationTest:45 - Test successful
2024-11-27 19:08:24 INFO  TC001_RegistrationTest:19 - Registration started
2024-11-27 19:08:25 INFO  TC001_RegistrationTest:26 - Registration started
2024-11-27 19:08:27 INFO  TC001_RegistrationTest:39 - Registartion done
2024-11-27 19:08:27 INFO  TC001_RegistrationTest:45 - Test successful
